<?xml version="1.0" encoding="UTF-8"?>
<!-- Generated by org.testng.reporters.JUnitXMLReporter -->
<testsuite ignored="0" hostname="Vakant-PC" failures="1" tests="1" name="Test validatingtitle" time="50.642" errors="0" timestamp="2021-06-02T14:22:16 CEST">
  <testcase classname="Falkenberg.testcases.tests.ValidatTitle" name="basePageValidation" time="0.8">
    <failure type="java.lang.AssertionError" message="expected [FEATURED COURSES123] but found [FEATURED COURSES]">
      <![CDATA[java.lang.AssertionError: expected [FEATURED COURSES123] but found [FEATURED COURSES]
at Falkenberg.testcases.tests.ValidatTitle.basePageValidation(ValidatTitle.java:34)
at java.base/java.util.ArrayList.forEach(ArrayList.java:1511)
at java.base/java.util.concurrent.FutureTask.run(FutureTask.java:264)
at java.base/java.util.concurrent.ThreadPoolExecutor.runWorker(ThreadPoolExecutor.java:1130)
at java.base/java.util.concurrent.ThreadPoolExecutor$Worker.run(ThreadPoolExecutor.java:630)
at java.base/java.lang.Thread.run(Thread.java:832)
... Removed 24 stack frames]]>
    </failure>
  </testcase> <!-- basePageValidation -->
</testsuite> <!-- Test validatingtitle -->
