<?xml version="1.0" encoding="UTF-8"?>
<!-- Generated by org.testng.reporters.JUnitXMLReporter -->
<testsuite ignored="0" hostname="Vakant-PC" failures="0" tests="4" name="Test" time="421.961" errors="0" timestamp="2021-05-28T21:01:44 CEST">
  <testcase classname="Falkenberg.testcases.tests.ValidateNavigationBar" name="basePageNavigation" time="61.348"/>
  <testcase classname="Falkenberg.testcases.tests.ValidatTitle" name="basePageNavigation" time="3.315"/>
  <testcase classname="Falkenberg.testcases.tests.HomePage" name="basePageNavigation" time="131.355"/>
  <testcase classname="Falkenberg.testcases.tests.HomePage" name="basePageNavigation" time="114.581"/>
</testsuite> <!-- Test -->
