<?xml version="1.0" encoding="UTF-8"?>
<!-- Generated by org.testng.reporters.JUnitXMLReporter -->
<testsuite hostname="Vakant-PC" ignored="0" name="Test" tests="4" failures="0" timestamp="2021-05-28T23:59:48 CEST" time="135.454" errors="0">
  <testcase name="basePageNavigation" time="22.342" classname="Falkenberg.testcases.tests.ValidateNavigationBar"/>
  <testcase name="basePageNavigation" time="1.423" classname="Falkenberg.testcases.tests.ValidatTitle"/>
  <testcase name="basePageNavigation" time="27.27" classname="Falkenberg.testcases.tests.HomePage"/>
  <testcase name="basePageNavigation" time="28.633" classname="Falkenberg.testcases.tests.HomePage"/>
</testsuite> <!-- Test -->
