<?xml version="1.0" encoding="UTF-8"?>
<!-- Generated by org.testng.reporters.JUnitXMLReporter -->
<testsuite hostname="Vakant-PC" ignored="0" name="Test sinin or login" tests="2" failures="0" timestamp="2021-06-02T21:45:38 CEST" time="133.529" errors="0">
  <testcase name="basePageNavigation" time="38.018" classname="Falkenberg.testcases.tests.HomePage"/>
  <testcase name="basePageNavigation" time="28.296" classname="Falkenberg.testcases.tests.HomePage"/>
</testsuite> <!-- Test sinin or login -->
