<?xml version="1.0" encoding="UTF-8"?>
<testsuite xmlns:xsi="http://www.w3.org/2001/XMLSchema-instance" xsi:noNamespaceSchemaLocation="https://maven.apache.org/surefire/maven-surefire-plugin/xsd/surefire-test-report-3.0.xsd" version="3.0" name="TestSuite" time="139.331" tests="4" errors="0" skipped="0" failures="0">
  <properties>
[...]
</properties>
  <testcase name="basePageValidation" classname="Falkenberg.testcases.tests.ValidatTitle" time="0.44">
    <system-err><![CDATA[111666222266636030070763613	1g	egcekckoodrdirvi2ve2err	6	I6NI3NF0FO0	OL	7iL6si3ste1tn	eignneig ncogk no odn1r2 i17v.207e..r00	..I10N:.F41O:8	11L90i08s
9t3e
ning on 127.0.0.1:29667
1622663009778	mozrunner::runner	INFO	Running command: "C:\\Program Files\\Mozilla Firefox\\firefox.exe" "--marionette" "-foreground" "-no-remote" "-profile" "C:\\Users\\Vakant\\AppData\\Local\\Temp\\rust_mozprofile0iWtVZ"
1622663009798	mozrunner::runner	INFO	Running command: "C:\\Program Files\\Mozilla Firefox\\firefox.exe" "--marionette" "-foreground" "-no-remote" "-profile" "C:\\Users\\Vakant\\AppData\\Local\\Temp\\rust_mozprofileY4Pjeb"
1622663009888	mozrunner::runner	INFO	Running command: "C:\\Program Files\\Mozilla Firefox\\firefox.exe" "--marionette" "-foreground" "-no-remote" "-profile" "C:\\Users\\Vakant\\AppData\\Local\\Temp\\rust_mozprofilehEHfwI"
console.warn: SearchSettings: "get: No settings file exists, new profile?" (new Error("", "(unknown module)"))
console.warn: SearchSettings: "get: No settings file exists, new profile?" (new Error("", "(unknown module)"))
console.warn: SearchSettings: "get: No settings file exists, new profile?" (new Error("", "(unknown module)"))
console.error: Region.jsm: "Error fetching region" (new AbortError("The operation was aborted. ", (void 0), 773))
console.error: Region.jsm: "Failed to fetch region" (new Error("NO_RESULT", "resource://gre/modules/Region.jsm", 422))
[Parent 1936, IPC I/O Parent] WARNING: file /builds/worker/checkouts/gecko/ipc/chromium/src/base/process_util_win.cc:167
console.error: Region.jsm: "Error fetching region" (new Error("TIMEOUT", "resource://gre/modules/Region.jsm", 775))
console.error: Region.jsm: "Failed to fetch region" (new Error("TIMEOUT", "resource://gre/modules/Region.jsm", 422))
console.warn: SearchSettings: "get: No settings file exists, new profile?" (new Error("", "(unknown module)"))
1622663038857	Marionette	INFO	Listening on port 55775
1622663039247	Marionette	WARN	TLS certificate errors will be ignored for this session
Jun 02, 2021 9:43:59 PM org.openqa.selenium.remote.ProtocolHandshake createSession
INFO: Detected dialect: W3C
1622663040315	Marionette	ERROR	[15] No reply from Marionette:Register
1622663040641	Marionette	INFO	Listening on port 55774
1622663040754	Marionette	INFO	Listening on port 55776
1622663041361	Marionette	WARN	TLS certificate errors will be ignored for this session
Jun 02, 2021 9:44:01 PM org.openqa.selenium.remote.ProtocolHandshake createSession
INFO: Detected dialect: W3C
1622663042014	Marionette	ERROR	[15] No reply from Marionette:Register
1622663042349	Marionette	WARN	TLS certificate errors will be ignored for this session
Jun 02, 2021 9:44:02 PM org.openqa.selenium.remote.ProtocolHandshake createSession
INFO: Detected dialect: W3C
1622663042935	Marionette	ERROR	[15] No reply from Marionette:Register
]]></system-err>
  </testcase>
  <testcase name="basePageNavigationBar" classname="Falkenberg.testcases.tests.ValidateNavigationBar" time="3.574">
    <system-err><![CDATA[1622663065504	Marionette	INFO	Stopped listening on port 55774
JavaScript error: resource://gre/modules/Sqlite.jsm, line 1031: Error: Sqlite.jsm has been shutdown. Cannot open connection to: C:\Users\Vakant\AppData\Local\Temp\rust_mozprofile0iWtVZ\protections.sqlite
]]></system-err>
  </testcase>
  <testcase name="basePageNavigation[abc@gmail.com, abc](1)" classname="Falkenberg.testcases.tests.HomePage" time="38.045">
    <system-err><![CDATA[1622663068466	Marionette	INFO	Stopped listening on port 55775
JavaScript error: resource://gre/modules/CrashManager.jsm, line 789: AbortError: Could not dispatch task to background thread
[Parent 1936, IPC I/O Parent] WARNING: pipe error: 232: file /builds/worker/checkouts/gecko/ipc/chromium/src/chrome/common/ipc_channel_win.cc:545
[Parent 1936, IPC I/O Parent] WARNING: file /builds/worker/checkouts/gecko/ipc/chromium/src/base/process_util_win.cc:167
[Parent 1936, IPC I/O Parent] WARNING: file /builds/worker/checkouts/gecko/ipc/chromium/src/base/process_util_win.cc:167
]]></system-err>
  </testcase>
  <testcase name="basePageNavigation[restricteduser@qw.com, 456788](2)" classname="Falkenberg.testcases.tests.HomePage" time="28.269"/>
</testsuite>