<?xml version="1.0" encoding="UTF-8"?>
<testng-results ignored="0" total="1" passed="1" failed="0" skipped="0">
  <reporter-output>
  </reporter-output>
  <suite started-at="2021-06-02T22:52:55 CEST" name="Default suite" finished-at="2021-06-02T22:53:06 CEST" duration-ms="11602">
    <groups>
    </groups>
    <test started-at="2021-06-02T22:52:55 CEST" name="Default test" finished-at="2021-06-02T22:53:06 CEST" duration-ms="11602">
      <class name="Falkenberg.testcases.tests.ValidatTitle">
        <test-method is-config="true" signature="initialize()[pri:0, instance:Falkenberg.testcases.tests.ValidatTitle@5316e95f]" started-at="2021-06-02T22:52:55 CEST" name="initialize" finished-at="2021-06-02T22:53:05 CEST" duration-ms="10571" status="PASS">
          <reporter-output>
          </reporter-output>
        </test-method> <!-- initialize -->
        <test-method signature="basePageValidation()[pri:0, instance:Falkenberg.testcases.tests.ValidatTitle@5316e95f]" started-at="2021-06-02T22:53:05 CEST" name="basePageValidation" finished-at="2021-06-02T22:53:06 CEST" duration-ms="183" status="PASS">
          <reporter-output>
          </reporter-output>
        </test-method> <!-- basePageValidation -->
        <test-method is-config="true" signature="tearDown()[pri:0, instance:Falkenberg.testcases.tests.ValidatTitle@5316e95f]" started-at="2021-06-02T22:53:06 CEST" name="tearDown" finished-at="2021-06-02T22:53:06 CEST" duration-ms="725" status="PASS">
          <reporter-output>
          </reporter-output>
        </test-method> <!-- tearDown -->
      </class> <!-- Falkenberg.testcases.tests.ValidatTitle -->
    </test> <!-- Default test -->
  </suite> <!-- Default suite -->
</testng-results>
